<?xml version="1.0" encoding="UTF-8"?>
<!-- Generated by org.testng.reporters.JUnitReportReporter -->
<testsuite hostname="DESKTOP-AL8TCEQ" failures="0" tests="1" name="runners.LoginWithDataRunner" time="0.126" errors="0" timestamp="2023-08-24T10:07:22 IST" skipped="0">
  <testcase classname="runners.LoginWithDataRunner" name="runScenario" time="0.126"/>
  <system-out/>
</testsuite> <!-- runners.LoginWithDataRunner -->
