<?xml version="1.0" encoding="UTF-8"?>
<!-- Generated by org.testng.reporters.JUnitReportReporter -->
<testsuite hostname="DESKTOP-AL8TCEQ" failures="0" tests="2" name="runners.LoginRunner" time="0.162" errors="0" timestamp="2023-08-24T11:46:07 IST" skipped="0">
  <testcase classname="runners.LoginRunner" name="runScenario" time="0.014"/>
  <system-out/>
  <testcase classname="runners.LoginRunner" name="runScenario" time="0.148"/>
  <system-out/>
</testsuite> <!-- runners.LoginRunner -->
