<?xml version="1.0" encoding="UTF-8"?>
<!-- Generated by org.testng.reporters.JUnitReportReporter -->
<testsuite hostname="DESKTOP-AL8TCEQ" failures="0" tests="3" name="runners.OrdersRunner" time="0.259" errors="0" timestamp="2023-08-24T19:45:26 IST" skipped="0">
  <testcase classname="runners.OrdersRunner" name="runScenario" time="0.022"/>
  <system-out/>
  <testcase classname="runners.OrdersRunner" name="runScenario" time="0.213"/>
  <system-out/>
  <testcase classname="runners.OrdersRunner" name="runScenario" time="0.024"/>
  <system-out/>
</testsuite> <!-- runners.OrdersRunner -->
